{"C:\\Users\\79995\\Desktop\\Work\\rsschool-cv\\ecommerce-application\\src\\components\\AddressForm.tsx": {"path":"C:\\Users\\79995\\Desktop\\Work\\rsschool-cv\\ecommerce-application\\src\\components\\AddressForm.tsx","all":false,"statementMap":{"1":{"start":{"line":2,"column":0},"end":{"line":2,"column":38}},"14":{"start":{"line":15,"column":0},"end":{"line":15,"column":99}},"15":{"start":{"line":16,"column":0},"end":{"line":16,"column":10}},"16":{"start":{"line":17,"column":0},"end":{"line":17,"column":36}},"17":{"start":{"line":18,"column":0},"end":{"line":18,"column":22}},"18":{"start":{"line":19,"column":0},"end":{"line":19,"column":36}},"19":{"start":{"line":20,"column":0},"end":{"line":20,"column":14}},"20":{"start":{"line":21,"column":0},"end":{"line":21,"column":27}},"21":{"start":{"line":22,"column":0},"end":{"line":22,"column":29}},"22":{"start":{"line":23,"column":0},"end":{"line":23,"column":36}},"23":{"start":{"line":24,"column":0},"end":{"line":24,"column":45}},"24":{"start":{"line":25,"column":0},"end":{"line":25,"column":10}},"25":{"start":{"line":26,"column":0},"end":{"line":26,"column":76}},"27":{"start":{"line":28,"column":0},"end":{"line":28,"column":14}},"28":{"start":{"line":29,"column":0},"end":{"line":29,"column":21}},"29":{"start":{"line":30,"column":0},"end":{"line":30,"column":29}},"30":{"start":{"line":31,"column":0},"end":{"line":31,"column":30}},"31":{"start":{"line":32,"column":0},"end":{"line":32,"column":45}},"32":{"start":{"line":33,"column":0},"end":{"line":33,"column":10}},"33":{"start":{"line":34,"column":0},"end":{"line":34,"column":64}},"35":{"start":{"line":36,"column":0},"end":{"line":36,"column":14}},"36":{"start":{"line":37,"column":0},"end":{"line":37,"column":27}},"37":{"start":{"line":38,"column":0},"end":{"line":38,"column":39}},"38":{"start":{"line":39,"column":0},"end":{"line":39,"column":36}},"39":{"start":{"line":40,"column":0},"end":{"line":40,"column":45}},"40":{"start":{"line":41,"column":0},"end":{"line":41,"column":10}},"41":{"start":{"line":42,"column":0},"end":{"line":42,"column":76}},"43":{"start":{"line":44,"column":0},"end":{"line":44,"column":91}},"44":{"start":{"line":45,"column":0},"end":{"line":45,"column":50}},"45":{"start":{"line":46,"column":0},"end":{"line":46,"column":41}},"46":{"start":{"line":47,"column":0},"end":{"line":47,"column":45}},"47":{"start":{"line":48,"column":0},"end":{"line":48,"column":45}},"48":{"start":{"line":49,"column":0},"end":{"line":49,"column":17}},"49":{"start":{"line":50,"column":0},"end":{"line":50,"column":70}},"50":{"start":{"line":51,"column":0},"end":{"line":51,"column":12}},"51":{"start":{"line":52,"column":0},"end":{"line":52,"column":10}},"53":{"start":{"line":54,"column":0},"end":{"line":54,"column":1}}},"s":{"1":1,"14":3,"15":3,"16":3,"17":3,"18":3,"19":3,"20":3,"21":3,"22":3,"23":3,"24":3,"25":3,"27":3,"28":3,"29":3,"30":3,"31":3,"32":3,"33":3,"35":3,"36":3,"37":3,"38":3,"39":3,"40":3,"41":3,"43":3,"44":3,"45":3,"46":3,"47":3,"48":3,"49":3,"50":3,"51":3,"53":3},"branchMap":{"0":{"type":"branch","line":15,"loc":{"start":{"line":15,"column":0},"end":{"line":54,"column":1}},"locations":[{"start":{"line":15,"column":0},"end":{"line":54,"column":1}}]},"1":{"type":"branch","line":26,"loc":{"start":{"line":26,"column":16},"end":{"line":26,"column":76}},"locations":[{"start":{"line":26,"column":16},"end":{"line":26,"column":76}}]},"2":{"type":"branch","line":34,"loc":{"start":{"line":34,"column":16},"end":{"line":34,"column":64}},"locations":[{"start":{"line":34,"column":16},"end":{"line":34,"column":64}}]},"3":{"type":"branch","line":42,"loc":{"start":{"line":42,"column":16},"end":{"line":42,"column":76}},"locations":[{"start":{"line":42,"column":16},"end":{"line":42,"column":76}}]},"4":{"type":"branch","line":50,"loc":{"start":{"line":50,"column":16},"end":{"line":50,"column":70}},"locations":[{"start":{"line":50,"column":16},"end":{"line":50,"column":70}}]},"5":{"type":"branch","line":24,"loc":{"start":{"line":24,"column":20},"end":{"line":24,"column":45}},"locations":[{"start":{"line":24,"column":20},"end":{"line":24,"column":45}}]}},"b":{"0":[3],"1":[1],"2":[0],"3":[1],"4":[0],"5":[1]},"fnMap":{"0":{"name":"AddressForm","decl":{"start":{"line":15,"column":0},"end":{"line":54,"column":1}},"loc":{"start":{"line":15,"column":0},"end":{"line":54,"column":1}},"line":15},"1":{"name":"onChange","decl":{"start":{"line":24,"column":20},"end":{"line":24,"column":45}},"loc":{"start":{"line":24,"column":20},"end":{"line":24,"column":45}},"line":24},"2":{"name":"onChange","decl":{"start":{"line":32,"column":20},"end":{"line":32,"column":45}},"loc":{"start":{"line":32,"column":20},"end":{"line":32,"column":45}},"line":32},"3":{"name":"onChange","decl":{"start":{"line":40,"column":20},"end":{"line":40,"column":45}},"loc":{"start":{"line":40,"column":20},"end":{"line":40,"column":45}},"line":40},"4":{"name":"onChange","decl":{"start":{"line":44,"column":65},"end":{"line":44,"column":91}},"loc":{"start":{"line":44,"column":65},"end":{"line":44,"column":91}},"line":44}},"f":{"0":3,"1":1,"2":0,"3":0,"4":0}}
}
